Using pre-set license
Built from '2021.3/staging' branch; Version is '2021.3.0f1 (6eacc8284459) revision 7253192'; Using compiler version '192829333'; Build Type 'Release'
OS: 'Windows 11  (10.0.22000) 64bit Professional' Language: 'en' Physical Memory: 16312 MB
BatchMode: 1, IsHumanControllingUs: 0, StartBugReporterOnCrash: 0, Is64bit: 1, IsPro: 1

COMMAND LINE ARGUMENTS:
C:\Program Files\Unity\Hub\Editor\2021.3.0f1\Editor\Unity.exe
-adb2
-batchMode
-noUpm
-name
AssetImportWorker4
-projectPath
E:/Unity/2022/Tower Defense Game
-logFile
Logs/AssetImportWorker4.log
-srvPort
50867
Successfully changed project path to: E:/Unity/2022/Tower Defense Game
E:/Unity/2022/Tower Defense Game
[UnityMemory] Configuration Parameters - Can be set up in boot.config
    "memorysetup-bucket-allocator-granularity=16"
    "memorysetup-bucket-allocator-bucket-count=8"
    "memorysetup-bucket-allocator-block-size=33554432"
    "memorysetup-bucket-allocator-block-count=8"
    "memorysetup-main-allocator-block-size=16777216"
    "memorysetup-thread-allocator-block-size=16777216"
    "memorysetup-gfx-main-allocator-block-size=16777216"
    "memorysetup-gfx-thread-allocator-block-size=16777216"
    "memorysetup-cache-allocator-block-size=4194304"
    "memorysetup-typetree-allocator-block-size=2097152"
    "memorysetup-profiler-bucket-allocator-granularity=16"
    "memorysetup-profiler-bucket-allocator-bucket-count=8"
    "memorysetup-profiler-bucket-allocator-block-size=33554432"
    "memorysetup-profiler-bucket-allocator-block-count=8"
    "memorysetup-profiler-allocator-block-size=16777216"
    "memorysetup-profiler-editor-allocator-block-size=1048576"
    "memorysetup-temp-allocator-size-main=16777216"
    "memorysetup-job-temp-allocator-block-size=2097152"
    "memorysetup-job-temp-allocator-block-size-background=1048576"
    "memorysetup-job-temp-allocator-reduction-small-platforms=262144"
    "memorysetup-temp-allocator-size-background-worker=32768"
    "memorysetup-temp-allocator-size-job-worker=262144"
    "memorysetup-temp-allocator-size-preload-manager=33554432"
    "memorysetup-temp-allocator-size-nav-mesh-worker=65536"
    "memorysetup-temp-allocator-size-audio-worker=65536"
    "memorysetup-temp-allocator-size-cloud-worker=32768"
    "memorysetup-temp-allocator-size-gi-baking-worker=262144"
    "memorysetup-temp-allocator-size-gfx=262144"
Refreshing native plugins compatible for Editor in 56.04 ms, found 3 plugins.
Preloading 0 native plugins for Editor in 0.00 ms.
Initialize engine version: 2021.3.0f1 (6eacc8284459)
[Subsystems] Discovering subsystems at path C:/Program Files/Unity/Hub/Editor/2021.3.0f1/Editor/Data/Resources/UnitySubsystems
[Subsystems] Discovering subsystems at path E:/Unity/2022/Tower Defense Game/Assets
GfxDevice: creating device client; threaded=0; jobified=0
Direct3D:
    Version:  Direct3D 11.0 [level 11.1]
    Renderer: NVIDIA GeForce RTX 2070 (ID=0x1f02)
    Vendor:   NVIDIA
    VRAM:     8031 MB
    Driver:   30.0.15.1277
Initialize mono
Mono path[0] = 'C:/Program Files/Unity/Hub/Editor/2021.3.0f1/Editor/Data/Managed'
Mono path[1] = 'C:/Program Files/Unity/Hub/Editor/2021.3.0f1/Editor/Data/MonoBleedingEdge/lib/mono/unityjit-win32'
Mono config path = 'C:/Program Files/Unity/Hub/Editor/2021.3.0f1/Editor/Data/MonoBleedingEdge/etc'
Using monoOptions --debugger-agent=transport=dt_socket,embedding=1,server=y,suspend=n,address=127.0.0.1:56304
Begin MonoManager ReloadAssembly
Registering precompiled unity dll's ...
Register platform support module: C:/Program Files/Unity/Hub/Editor/2021.3.0f1/Editor/Data/PlaybackEngines/WebGLSupport/UnityEditor.WebGL.Extensions.dll
Register platform support module: C:/Program Files/Unity/Hub/Editor/2021.3.0f1/Editor/Data/PlaybackEngines/WindowsStandaloneSupport/UnityEditor.WindowsStandalone.Extensions.dll
Registered in 0.002586 seconds.
Native extension for WindowsStandalone target not found
Native extension for WebGL target not found
Refreshing native plugins compatible for Editor in 51.53 ms, found 3 plugins.
Preloading 0 native plugins for Editor in 0.00 ms.
Mono: successfully reloaded assembly
- Completed reload, in  0.556 seconds
Domain Reload Profiling:
	ReloadAssembly (556ms)
		BeginReloadAssembly (58ms)
			ExecutionOrderSort (0ms)
			DisableScriptedObjects (0ms)
			BackupInstance (0ms)
			ReleaseScriptingObjects (0ms)
			CreateAndSetChildDomain (1ms)
		EndReloadAssembly (406ms)
			LoadAssemblies (57ms)
			RebuildTransferFunctionScriptingTraits (0ms)
			SetupTypeCache (102ms)
			ReleaseScriptCaches (0ms)
			RebuildScriptCaches (26ms)
			SetupLoadedEditorAssemblies (236ms)
				LogAssemblyErrors (0ms)
				InitializePlatformSupportModulesInManaged (7ms)
				SetLoadedEditorAssemblies (0ms)
				RefreshPlugins (52ms)
				BeforeProcessingInitializeOnLoad (1ms)
				ProcessInitializeOnLoadAttributes (133ms)
				ProcessInitializeOnLoadMethodAttributes (43ms)
				AfterProcessingInitializeOnLoad (0ms)
				EditorAssembliesLoaded (0ms)
			ExecutionOrderSort2 (0ms)
			AwakeInstancesAfterBackupRestoration (0ms)
Platform modules already initialized, skipping
Registering precompiled user dll's ...
Registered in 0.001873 seconds.
Begin MonoManager ReloadAssembly
Symbol file LoadedFromMemory is not a mono symbol file
Native extension for WindowsStandalone target not found
Native extension for WebGL target not found
Refreshing native plugins compatible for Editor in 48.03 ms, found 3 plugins.
Preloading 0 native plugins for Editor in 0.00 ms.
Mono: successfully reloaded assembly
- Completed reload, in  0.922 seconds
Domain Reload Profiling:
	ReloadAssembly (923ms)
		BeginReloadAssembly (91ms)
			ExecutionOrderSort (0ms)
			DisableScriptedObjects (5ms)
			BackupInstance (0ms)
			ReleaseScriptingObjects (0ms)
			CreateAndSetChildDomain (17ms)
		EndReloadAssembly (733ms)
			LoadAssemblies (69ms)
			RebuildTransferFunctionScriptingTraits (0ms)
			SetupTypeCache (187ms)
			ReleaseScriptCaches (0ms)
			RebuildScriptCaches (76ms)
			SetupLoadedEditorAssemblies (331ms)
				LogAssemblyErrors (0ms)
				InitializePlatformSupportModulesInManaged (4ms)
				SetLoadedEditorAssemblies (0ms)
				RefreshPlugins (48ms)
				BeforeProcessingInitializeOnLoad (52ms)
				ProcessInitializeOnLoadAttributes (191ms)
				ProcessInitializeOnLoadMethodAttributes (34ms)
				AfterProcessingInitializeOnLoad (2ms)
				EditorAssembliesLoaded (0ms)
			ExecutionOrderSort2 (0ms)
			AwakeInstancesAfterBackupRestoration (5ms)
Platform modules already initialized, skipping
========================================================================
Worker process is ready to serve import requests
Launched and connected shader compiler UnityShaderCompiler.exe after 0.03 seconds
Refreshing native plugins compatible for Editor in 0.64 ms, found 3 plugins.
Preloading 0 native plugins for Editor in 0.00 ms.
Unloading 2369 Unused Serialized files (Serialized files now loaded: 0)
Unloading 30 unused Assets / (55.9 KB). Loaded Objects now: 2835.
Memory consumption went from 110.5 MB to 110.5 MB.
Total: 2.782500 ms (FindLiveObjects: 0.192300 ms CreateObjectMapping: 0.102400 ms MarkObjects: 2.428300 ms  DeleteObjects: 0.058700 ms)

AssetImportParameters requested are different than current active one (requested -> active):
  custom:video-decoder-ogg-theora: a1e56fd34408186e4bbccfd4996cb3dc -> 
  custom:container-muxer-webm: aa71ff27fc2769a1b78a27578f13a17b -> 
  custom:container-demuxer-webm: 4f35f7cbe854078d1ac9338744f61a02 -> 
  custom:video-encoder-webm-vp8: eb34c28f22e8b96e1ab97ce403110664 -> 
  custom:audio-encoder-webm-vorbis: bf7c407c2cedff20999df2af8eb42d56 -> 
  custom:framework-win-MediaFoundation: 216162199b28c13a410421893ffa2e32 -> 
  custom:container-demuxer-ogg: 62fdf1f143b41e24485cea50d1cbac27 -> 
  custom:video-decoder-webm-vp8: 9c59270c3fd7afecdb556c50c9e8de78 -> 
  custom:audio-decoder-ogg-vorbis: bf7c407c2cedff20999df2af8eb42d56 -> 
========================================================================
Received Import Request.
  Time since last request: 7791.949835 seconds.
  path: Assets/Epic Toon FX/Materials/Basics/circle_ADD.mat
  artifactKey: Guid(4bf10d94145fd6c4187c18de0af92e43) Importer(815301076,1909f56bfc062723c751e8b465ee728b)
Start importing Assets/Epic Toon FX/Materials/Basics/circle_ADD.mat using Guid(4bf10d94145fd6c4187c18de0af92e43) Importer(815301076,1909f56bfc062723c751e8b465ee728b)  -> (artifact id: 'c982dd8cd79acb04a5b80b0f0a8dfa24') in 0.148740 seconds 
========================================================================
Received Import Request.
  Time since last request: 0.004389 seconds.
  path: Assets/Epic Toon FX/Textures/glow1.png
  artifactKey: Guid(75c822b01a637d547abc69e6f1f590b4) Importer(815301076,1909f56bfc062723c751e8b465ee728b)
Start importing Assets/Epic Toon FX/Textures/glow1.png using Guid(75c822b01a637d547abc69e6f1f590b4) Importer(815301076,1909f56bfc062723c751e8b465ee728b)  -> (artifact id: '13c947540b3e0fb2c9136b9c448beb0d') in 0.019501 seconds 
========================================================================
Received Import Request.
  Time since last request: 0.002259 seconds.
  path: Assets/Textures/circle.png
  artifactKey: Guid(155f67fd8750f8e4e83c8efb1731f3a0) Importer(815301076,1909f56bfc062723c751e8b465ee728b)
Start importing Assets/Textures/circle.png using Guid(155f67fd8750f8e4e83c8efb1731f3a0) Importer(815301076,1909f56bfc062723c751e8b465ee728b)  -> (artifact id: '93dfd9948de610e8beecfe8e25b0c763') in 0.005065 seconds 
========================================================================
Received Import Request.
  Time since last request: 0.001932 seconds.
  path: Assets/Epic Toon FX/Materials/Basics/glow1_ADD.mat
  artifactKey: Guid(e653836c30661fe419b8992e230ca189) Importer(815301076,1909f56bfc062723c751e8b465ee728b)
Start importing Assets/Epic Toon FX/Materials/Basics/glow1_ADD.mat using Guid(e653836c30661fe419b8992e230ca189) Importer(815301076,1909f56bfc062723c751e8b465ee728b)  -> (artifact id: '23a9b3a5c7fc95ff9b6e4dccd7354d92') in 0.005766 seconds 
========================================================================
Received Import Request.
  Time since last request: 0.002041 seconds.
  path: Assets/Epic Toon FX/Sound/etfx_shoot_pistol02.wav
  artifactKey: Guid(c922c34f559ead440a273a13a924cfc7) Importer(815301076,1909f56bfc062723c751e8b465ee728b)
Start importing Assets/Epic Toon FX/Sound/etfx_shoot_pistol02.wav using Guid(c922c34f559ead440a273a13a924cfc7) Importer(815301076,1909f56bfc062723c751e8b465ee728b)  -> (artifact id: 'f5c754ad0a4031f66be632f6375a098b') in 0.026845 seconds 
========================================================================
Received Import Request.
  Time since last request: 9.825174 seconds.
  path: Assets/Prefabs/Turrets/Dual_machine_turret .prefab
  artifactKey: Guid(92da836ff02548e4fa261846fa408aec) Importer(815301076,1909f56bfc062723c751e8b465ee728b)
Start importing Assets/Prefabs/Turrets/Dual_machine_turret .prefab using Guid(92da836ff02548e4fa261846fa408aec) Importer(815301076,1909f56bfc062723c751e8b465ee728b) Tried select unknown importer for id '-2' '00000000000000000000000000000000'
 -> (artifact id: '3d1bcc3a3e787e18d1a6e9a53a194c99') in 0.046768 seconds 
========================================================================
Received Import Request.
  Time since last request: 10.777601 seconds.
  path: Assets/Epic Toon FX/Prefabs/Combat/Missiles/FatBullet/BulletFatBlue.prefab
  artifactKey: Guid(ab277be0b43f1824090ab10e4ce64cef) Importer(815301076,1909f56bfc062723c751e8b465ee728b)
Start importing Assets/Epic Toon FX/Prefabs/Combat/Missiles/FatBullet/BulletFatBlue.prefab using Guid(ab277be0b43f1824090ab10e4ce64cef) Importer(815301076,1909f56bfc062723c751e8b465ee728b)  -> (artifact id: 'd5acb9be9ef8c09e0fdffc8af14d9947') in 0.012036 seconds 
========================================================================
Received Import Request.
  Time since last request: 0.000017 seconds.
  path: Assets/Epic Toon FX/Prefabs/Combat/Missiles/FatBullet/BulletMeshFatBlue.prefab
  artifactKey: Guid(0e5de1d4446e4be409b2bc4025c90341) Importer(815301076,1909f56bfc062723c751e8b465ee728b)
Start importing Assets/Epic Toon FX/Prefabs/Combat/Missiles/FatBullet/BulletMeshFatBlue.prefab using Guid(0e5de1d4446e4be409b2bc4025c90341) Importer(815301076,1909f56bfc062723c751e8b465ee728b)  -> (artifact id: '5c9d89d596ba15a182527c11a4e5d4c7') in 0.125357 seconds 
========================================================================
Received Import Request.
  Time since last request: 8.427593 seconds.
  path: Assets/Epic Toon FX/Sound/etfx_shoot_pistol01.wav
  artifactKey: Guid(d6dbb92a655eeb549a408aa59fed63f4) Importer(815301076,1909f56bfc062723c751e8b465ee728b)
Start importing Assets/Epic Toon FX/Sound/etfx_shoot_pistol01.wav using Guid(d6dbb92a655eeb549a408aa59fed63f4) Importer(815301076,1909f56bfc062723c751e8b465ee728b)  -> (artifact id: '78ff854d6305f9b50fd19e745dfc5b68') in 0.005601 seconds 
========================================================================
Received Import Request.
  Time since last request: 9.618405 seconds.
  path: Assets/Epic Toon FX/Materials/Misc/Magic/magic_orb2_ADD.mat
  artifactKey: Guid(1bafc7aca6a15ce4a92553883cdf5612) Importer(815301076,1909f56bfc062723c751e8b465ee728b)
Start importing Assets/Epic Toon FX/Materials/Misc/Magic/magic_orb2_ADD.mat using Guid(1bafc7aca6a15ce4a92553883cdf5612) Importer(815301076,1909f56bfc062723c751e8b465ee728b)  -> (artifact id: '461e22233a793dab25b4e861d28705b0') in 0.010203 seconds 
========================================================================
Received Import Request.
  Time since last request: 4.299296 seconds.
  path: Assets/Epic Toon FX/Prefabs/Combat/Missiles/NovaSmall/NovaMissileSmallBlue.prefab
  artifactKey: Guid(42c454f3e16ef2e489f63509b4660bd3) Importer(815301076,1909f56bfc062723c751e8b465ee728b)
Start importing Assets/Epic Toon FX/Prefabs/Combat/Missiles/NovaSmall/NovaMissileSmallBlue.prefab using Guid(42c454f3e16ef2e489f63509b4660bd3) Importer(815301076,1909f56bfc062723c751e8b465ee728b)  -> (artifact id: 'f6cf142341c5bdcd19aae6b3d2079405') in 0.011858 seconds 
========================================================================
Received Import Request.
  Time since last request: 0.000020 seconds.
  path: Assets/Epic Toon FX/Prefabs/Combat/Missiles/NovaSmall/NovaMissileSmallPink.prefab
  artifactKey: Guid(20a21a62fcbf9ea42a706026d0c443d6) Importer(815301076,1909f56bfc062723c751e8b465ee728b)
Start importing Assets/Epic Toon FX/Prefabs/Combat/Missiles/NovaSmall/NovaMissileSmallPink.prefab using Guid(20a21a62fcbf9ea42a706026d0c443d6) Importer(815301076,1909f56bfc062723c751e8b465ee728b)  -> (artifact id: 'b9a8d1a4a34a0d76878bf944131423eb') in 0.009013 seconds 
========================================================================
Received Import Request.
  Time since last request: 6.382835 seconds.
  path: Assets/Epic Toon FX/Textures/magic_orb2.png
  artifactKey: Guid(d771f7709ddd21f43a8d6ea0573d4f88) Importer(815301076,1909f56bfc062723c751e8b465ee728b)
Start importing Assets/Epic Toon FX/Textures/magic_orb2.png using Guid(d771f7709ddd21f43a8d6ea0573d4f88) Importer(815301076,1909f56bfc062723c751e8b465ee728b)  -> (artifact id: 'c56cfdc3320051c4550c8aa864561872') in 0.007723 seconds 
========================================================================
Received Prepare
Registering precompiled user dll's ...
Registered in 0.001897 seconds.
Begin MonoManager ReloadAssembly
Symbol file LoadedFromMemory is not a mono symbol file
Native extension for WindowsStandalone target not found
Native extension for WebGL target not found
Refreshing native plugins compatible for Editor in 0.48 ms, found 3 plugins.
Preloading 0 native plugins for Editor in 0.00 ms.
Mono: successfully reloaded assembly
- Completed reload, in  0.821 seconds
Domain Reload Profiling:
	ReloadAssembly (822ms)
		BeginReloadAssembly (115ms)
			ExecutionOrderSort (0ms)
			DisableScriptedObjects (5ms)
			BackupInstance (0ms)
			ReleaseScriptingObjects (0ms)
			CreateAndSetChildDomain (35ms)
		EndReloadAssembly (614ms)
			LoadAssemblies (74ms)
			RebuildTransferFunctionScriptingTraits (0ms)
			SetupTypeCache (173ms)
			ReleaseScriptCaches (1ms)
			RebuildScriptCaches (43ms)
			SetupLoadedEditorAssemblies (284ms)
				LogAssemblyErrors (0ms)
				InitializePlatformSupportModulesInManaged (11ms)
				SetLoadedEditorAssemblies (0ms)
				RefreshPlugins (1ms)
				BeforeProcessingInitializeOnLoad (55ms)
				ProcessInitializeOnLoadAttributes (185ms)
				ProcessInitializeOnLoadMethodAttributes (31ms)
				AfterProcessingInitializeOnLoad (2ms)
				EditorAssembliesLoaded (0ms)
			ExecutionOrderSort2 (0ms)
			AwakeInstancesAfterBackupRestoration (7ms)
Platform modules already initialized, skipping
Refreshing native plugins compatible for Editor in 1.17 ms, found 3 plugins.
Preloading 0 native plugins for Editor in 0.00 ms.
Unloading 2342 Unused Serialized files (Serialized files now loaded: 0)
Unloading 20 unused Assets / (24.6 KB). Loaded Objects now: 2878.
Memory consumption went from 112.8 MB to 112.7 MB.
Total: 2.807100 ms (FindLiveObjects: 0.184700 ms CreateObjectMapping: 0.091900 ms MarkObjects: 2.512800 ms  DeleteObjects: 0.016800 ms)

AssetImportParameters requested are different than current active one (requested -> active):
  custom:video-decoder-ogg-theora: a1e56fd34408186e4bbccfd4996cb3dc -> 
  custom:container-muxer-webm: aa71ff27fc2769a1b78a27578f13a17b -> 
  custom:container-demuxer-webm: 4f35f7cbe854078d1ac9338744f61a02 -> 
  custom:video-encoder-webm-vp8: eb34c28f22e8b96e1ab97ce403110664 -> 
  custom:audio-encoder-webm-vorbis: bf7c407c2cedff20999df2af8eb42d56 -> 
  custom:framework-win-MediaFoundation: 216162199b28c13a410421893ffa2e32 -> 
  custom:container-demuxer-ogg: 62fdf1f143b41e24485cea50d1cbac27 -> 
  custom:video-decoder-webm-vp8: 9c59270c3fd7afecdb556c50c9e8de78 -> 
  custom:audio-decoder-ogg-vorbis: bf7c407c2cedff20999df2af8eb42d56 -> 
========================================================================
Received Import Request.
  Time since last request: 196.475416 seconds.
  path: Assets/Epic Toon FX/Materials/Basics
  artifactKey: Guid(13a88dc8d0f5fcf44a198d234914dbfc) Importer(815301076,1909f56bfc062723c751e8b465ee728b)
Start importing Assets/Epic Toon FX/Materials/Basics using Guid(13a88dc8d0f5fcf44a198d234914dbfc) Importer(815301076,1909f56bfc062723c751e8b465ee728b)  -> (artifact id: 'e99eee332d07b75f0814c628747412f3') in 0.003502 seconds 
========================================================================
Received Import Request.
  Time since last request: 5.664687 seconds.
  path: Assets/Epic Toon FX/Materials/Misc/Magic
  artifactKey: Guid(3a508436ac67ba84e9e252fc9b65c4bd) Importer(815301076,1909f56bfc062723c751e8b465ee728b)
Start importing Assets/Epic Toon FX/Materials/Misc/Magic using Guid(3a508436ac67ba84e9e252fc9b65c4bd) Importer(815301076,1909f56bfc062723c751e8b465ee728b)  -> (artifact id: 'd5c9438228cfc1b5ee2c889546973f28') in 0.001081 seconds 
========================================================================
Received Import Request.
  Time since last request: 3.959933 seconds.
  path: Assets/Epic Toon FX/Prefabs/Combat
  artifactKey: Guid(f1114f7879a34a342b616b575eb5ce0c) Importer(815301076,1909f56bfc062723c751e8b465ee728b)
Start importing Assets/Epic Toon FX/Prefabs/Combat using Guid(f1114f7879a34a342b616b575eb5ce0c) Importer(815301076,1909f56bfc062723c751e8b465ee728b)  -> (artifact id: '1677bf4a14260483474025f3c0c08eab') in 0.001200 seconds 
========================================================================
Received Import Request.
  Time since last request: 0.512241 seconds.
  path: Assets/Epic Toon FX/Prefabs/Combat/Missiles
  artifactKey: Guid(c900b0d7b64ee3845809603597ddffad) Importer(815301076,1909f56bfc062723c751e8b465ee728b)
Start importing Assets/Epic Toon FX/Prefabs/Combat/Missiles using Guid(c900b0d7b64ee3845809603597ddffad) Importer(815301076,1909f56bfc062723c751e8b465ee728b)  -> (artifact id: 'e0776956fe26ba226f6b8d4446e97f7b') in 0.000905 seconds 
========================================================================
Received Import Request.
  Time since last request: 0.775804 seconds.
  path: Assets/Epic Toon FX/Prefabs/Combat/Missiles/Bullet
  artifactKey: Guid(51d0e83f2d7e92c4abbacf06473b5828) Importer(815301076,1909f56bfc062723c751e8b465ee728b)
Start importing Assets/Epic Toon FX/Prefabs/Combat/Missiles/Bullet using Guid(51d0e83f2d7e92c4abbacf06473b5828) Importer(815301076,1909f56bfc062723c751e8b465ee728b)  -> (artifact id: '992101f36cc95067b09b37e5666119a7') in 0.001209 seconds 
========================================================================
Received Prepare
Registering precompiled user dll's ...
Registered in 0.002697 seconds.
Begin MonoManager ReloadAssembly
Symbol file LoadedFromMemory is not a mono symbol file
Native extension for WindowsStandalone target not found
Native extension for WebGL target not found
Refreshing native plugins compatible for Editor in 0.62 ms, found 3 plugins.
Preloading 0 native plugins for Editor in 0.00 ms.
Mono: successfully reloaded assembly
- Completed reload, in  0.915 seconds
Domain Reload Profiling:
	ReloadAssembly (916ms)
		BeginReloadAssembly (106ms)
			ExecutionOrderSort (0ms)
			DisableScriptedObjects (7ms)
			BackupInstance (0ms)
			ReleaseScriptingObjects (0ms)
			CreateAndSetChildDomain (28ms)
		EndReloadAssembly (721ms)
			LoadAssemblies (69ms)
			RebuildTransferFunctionScriptingTraits (0ms)
			SetupTypeCache (183ms)
			ReleaseScriptCaches (1ms)
			RebuildScriptCaches (46ms)
			SetupLoadedEditorAssemblies (357ms)
				LogAssemblyErrors (0ms)
				InitializePlatformSupportModulesInManaged (14ms)
				SetLoadedEditorAssemblies (1ms)
				RefreshPlugins (1ms)
				BeforeProcessingInitializeOnLoad (53ms)
				ProcessInitializeOnLoadAttributes (244ms)
				ProcessInitializeOnLoadMethodAttributes (43ms)
				AfterProcessingInitializeOnLoad (2ms)
				EditorAssembliesLoaded (0ms)
			ExecutionOrderSort2 (0ms)
			AwakeInstancesAfterBackupRestoration (8ms)
Platform modules already initialized, skipping
Refreshing native plugins compatible for Editor in 1.31 ms, found 3 plugins.
Preloading 0 native plugins for Editor in 0.00 ms.
Unloading 2342 Unused Serialized files (Serialized files now loaded: 0)
Unloading 17 unused Assets / (24.6 KB). Loaded Objects now: 2881.
Memory consumption went from 112.8 MB to 112.8 MB.
Total: 2.656500 ms (FindLiveObjects: 0.185700 ms CreateObjectMapping: 0.087900 ms MarkObjects: 2.363200 ms  DeleteObjects: 0.018500 ms)

AssetImportParameters requested are different than current active one (requested -> active):
  custom:video-decoder-ogg-theora: a1e56fd34408186e4bbccfd4996cb3dc -> 
  custom:container-muxer-webm: aa71ff27fc2769a1b78a27578f13a17b -> 
  custom:container-demuxer-webm: 4f35f7cbe854078d1ac9338744f61a02 -> 
  custom:video-encoder-webm-vp8: eb34c28f22e8b96e1ab97ce403110664 -> 
  custom:audio-encoder-webm-vorbis: bf7c407c2cedff20999df2af8eb42d56 -> 
  custom:framework-win-MediaFoundation: 216162199b28c13a410421893ffa2e32 -> 
  custom:container-demuxer-ogg: 62fdf1f143b41e24485cea50d1cbac27 -> 
  custom:video-decoder-webm-vp8: 9c59270c3fd7afecdb556c50c9e8de78 -> 
  custom:audio-decoder-ogg-vorbis: bf7c407c2cedff20999df2af8eb42d56 -> 
