Using pre-set license
Built from '2021.3/staging' branch; Version is '2021.3.0f1 (6eacc8284459) revision 7253192'; Using compiler version '192829333'; Build Type 'Release'
OS: 'Windows 11  (10.0.22000) 64bit Professional' Language: 'en' Physical Memory: 16312 MB
BatchMode: 1, IsHumanControllingUs: 0, StartBugReporterOnCrash: 0, Is64bit: 1, IsPro: 1

COMMAND LINE ARGUMENTS:
C:\Program Files\Unity\Hub\Editor\2021.3.0f1\Editor\Unity.exe
-adb2
-batchMode
-noUpm
-name
AssetImportWorker0
-projectPath
E:/Unity/2022/Tower Defense Game
-logFile
Logs/AssetImportWorker0.log
-srvPort
50867
Successfully changed project path to: E:/Unity/2022/Tower Defense Game
E:/Unity/2022/Tower Defense Game
[UnityMemory] Configuration Parameters - Can be set up in boot.config
    "memorysetup-bucket-allocator-granularity=16"
    "memorysetup-bucket-allocator-bucket-count=8"
    "memorysetup-bucket-allocator-block-size=33554432"
    "memorysetup-bucket-allocator-block-count=8"
    "memorysetup-main-allocator-block-size=16777216"
    "memorysetup-thread-allocator-block-size=16777216"
    "memorysetup-gfx-main-allocator-block-size=16777216"
    "memorysetup-gfx-thread-allocator-block-size=16777216"
    "memorysetup-cache-allocator-block-size=4194304"
    "memorysetup-typetree-allocator-block-size=2097152"
    "memorysetup-profiler-bucket-allocator-granularity=16"
    "memorysetup-profiler-bucket-allocator-bucket-count=8"
    "memorysetup-profiler-bucket-allocator-block-size=33554432"
    "memorysetup-profiler-bucket-allocator-block-count=8"
    "memorysetup-profiler-allocator-block-size=16777216"
    "memorysetup-profiler-editor-allocator-block-size=1048576"
    "memorysetup-temp-allocator-size-main=16777216"
    "memorysetup-job-temp-allocator-block-size=2097152"
    "memorysetup-job-temp-allocator-block-size-background=1048576"
    "memorysetup-job-temp-allocator-reduction-small-platforms=262144"
    "memorysetup-temp-allocator-size-background-worker=32768"
    "memorysetup-temp-allocator-size-job-worker=262144"
    "memorysetup-temp-allocator-size-preload-manager=33554432"
    "memorysetup-temp-allocator-size-nav-mesh-worker=65536"
    "memorysetup-temp-allocator-size-audio-worker=65536"
    "memorysetup-temp-allocator-size-cloud-worker=32768"
    "memorysetup-temp-allocator-size-gi-baking-worker=262144"
    "memorysetup-temp-allocator-size-gfx=262144"
Refreshing native plugins compatible for Editor in 35.62 ms, found 3 plugins.
Preloading 0 native plugins for Editor in 0.00 ms.
Initialize engine version: 2021.3.0f1 (6eacc8284459)
[Subsystems] Discovering subsystems at path C:/Program Files/Unity/Hub/Editor/2021.3.0f1/Editor/Data/Resources/UnitySubsystems
[Subsystems] Discovering subsystems at path E:/Unity/2022/Tower Defense Game/Assets
GfxDevice: creating device client; threaded=0; jobified=0
Direct3D:
    Version:  Direct3D 11.0 [level 11.1]
    Renderer: NVIDIA GeForce RTX 2070 (ID=0x1f02)
    Vendor:   NVIDIA
    VRAM:     8031 MB
    Driver:   30.0.15.1277
Initialize mono
Mono path[0] = 'C:/Program Files/Unity/Hub/Editor/2021.3.0f1/Editor/Data/Managed'
Mono path[1] = 'C:/Program Files/Unity/Hub/Editor/2021.3.0f1/Editor/Data/MonoBleedingEdge/lib/mono/unityjit-win32'
Mono config path = 'C:/Program Files/Unity/Hub/Editor/2021.3.0f1/Editor/Data/MonoBleedingEdge/etc'
Using monoOptions --debugger-agent=transport=dt_socket,embedding=1,server=y,suspend=n,address=127.0.0.1:56168
Begin MonoManager ReloadAssembly
Registering precompiled unity dll's ...
Register platform support module: C:/Program Files/Unity/Hub/Editor/2021.3.0f1/Editor/Data/PlaybackEngines/WebGLSupport/UnityEditor.WebGL.Extensions.dll
Register platform support module: C:/Program Files/Unity/Hub/Editor/2021.3.0f1/Editor/Data/PlaybackEngines/WindowsStandaloneSupport/UnityEditor.WindowsStandalone.Extensions.dll
Registered in 0.002182 seconds.
Native extension for WindowsStandalone target not found
Native extension for WebGL target not found
Refreshing native plugins compatible for Editor in 42.48 ms, found 3 plugins.
Preloading 0 native plugins for Editor in 0.00 ms.
Mono: successfully reloaded assembly
- Completed reload, in  0.543 seconds
Domain Reload Profiling:
	ReloadAssembly (544ms)
		BeginReloadAssembly (56ms)
			ExecutionOrderSort (0ms)
			DisableScriptedObjects (0ms)
			BackupInstance (0ms)
			ReleaseScriptingObjects (0ms)
			CreateAndSetChildDomain (1ms)
		EndReloadAssembly (397ms)
			LoadAssemblies (56ms)
			RebuildTransferFunctionScriptingTraits (0ms)
			SetupTypeCache (101ms)
			ReleaseScriptCaches (0ms)
			RebuildScriptCaches (27ms)
			SetupLoadedEditorAssemblies (225ms)
				LogAssemblyErrors (0ms)
				InitializePlatformSupportModulesInManaged (7ms)
				SetLoadedEditorAssemblies (0ms)
				RefreshPlugins (43ms)
				BeforeProcessingInitializeOnLoad (1ms)
				ProcessInitializeOnLoadAttributes (135ms)
				ProcessInitializeOnLoadMethodAttributes (39ms)
				AfterProcessingInitializeOnLoad (0ms)
				EditorAssembliesLoaded (0ms)
			ExecutionOrderSort2 (0ms)
			AwakeInstancesAfterBackupRestoration (0ms)
Platform modules already initialized, skipping
Registering precompiled user dll's ...
Registered in 0.001955 seconds.
Begin MonoManager ReloadAssembly
Symbol file LoadedFromMemory is not a mono symbol file
Native extension for WindowsStandalone target not found
Native extension for WebGL target not found
Refreshing native plugins compatible for Editor in 40.72 ms, found 3 plugins.
Preloading 0 native plugins for Editor in 0.00 ms.
Mono: successfully reloaded assembly
- Completed reload, in  0.917 seconds
Domain Reload Profiling:
	ReloadAssembly (918ms)
		BeginReloadAssembly (99ms)
			ExecutionOrderSort (0ms)
			DisableScriptedObjects (5ms)
			BackupInstance (0ms)
			ReleaseScriptingObjects (0ms)
			CreateAndSetChildDomain (17ms)
		EndReloadAssembly (718ms)
			LoadAssemblies (84ms)
			RebuildTransferFunctionScriptingTraits (0ms)
			SetupTypeCache (176ms)
			ReleaseScriptCaches (0ms)
			RebuildScriptCaches (47ms)
			SetupLoadedEditorAssemblies (344ms)
				LogAssemblyErrors (0ms)
				InitializePlatformSupportModulesInManaged (4ms)
				SetLoadedEditorAssemblies (0ms)
				RefreshPlugins (41ms)
				BeforeProcessingInitializeOnLoad (55ms)
				ProcessInitializeOnLoadAttributes (208ms)
				ProcessInitializeOnLoadMethodAttributes (35ms)
				AfterProcessingInitializeOnLoad (2ms)
				EditorAssembliesLoaded (0ms)
			ExecutionOrderSort2 (0ms)
			AwakeInstancesAfterBackupRestoration (5ms)
Platform modules already initialized, skipping
========================================================================
Worker process is ready to serve import requests
Launched and connected shader compiler UnityShaderCompiler.exe after 0.03 seconds
Refreshing native plugins compatible for Editor in 0.69 ms, found 3 plugins.
Preloading 0 native plugins for Editor in 0.00 ms.
Unloading 2366 Unused Serialized files (Serialized files now loaded: 0)
Unloading 30 unused Assets / (56.0 KB). Loaded Objects now: 2830.
Memory consumption went from 108.0 MB to 107.9 MB.
Total: 3.368600 ms (FindLiveObjects: 0.202100 ms CreateObjectMapping: 0.107400 ms MarkObjects: 2.975100 ms  DeleteObjects: 0.082800 ms)

AssetImportParameters requested are different than current active one (requested -> active):
  custom:video-decoder-ogg-theora: a1e56fd34408186e4bbccfd4996cb3dc -> 
  custom:container-muxer-webm: aa71ff27fc2769a1b78a27578f13a17b -> 
  custom:container-demuxer-webm: 4f35f7cbe854078d1ac9338744f61a02 -> 
  custom:video-encoder-webm-vp8: eb34c28f22e8b96e1ab97ce403110664 -> 
  custom:audio-encoder-webm-vorbis: bf7c407c2cedff20999df2af8eb42d56 -> 
  custom:framework-win-MediaFoundation: 216162199b28c13a410421893ffa2e32 -> 
  custom:container-demuxer-ogg: 62fdf1f143b41e24485cea50d1cbac27 -> 
  custom:video-decoder-webm-vp8: 9c59270c3fd7afecdb556c50c9e8de78 -> 
  custom:audio-decoder-ogg-vorbis: bf7c407c2cedff20999df2af8eb42d56 -> 
========================================================================
Received Prepare
Registering precompiled user dll's ...
Registered in 0.001874 seconds.
Begin MonoManager ReloadAssembly
Symbol file LoadedFromMemory is not a mono symbol file
Native extension for WindowsStandalone target not found
Native extension for WebGL target not found
Refreshing native plugins compatible for Editor in 0.50 ms, found 3 plugins.
Preloading 0 native plugins for Editor in 0.00 ms.
Mono: successfully reloaded assembly
- Completed reload, in  0.902 seconds
Domain Reload Profiling:
	ReloadAssembly (903ms)
		BeginReloadAssembly (131ms)
			ExecutionOrderSort (0ms)
			DisableScriptedObjects (11ms)
			BackupInstance (0ms)
			ReleaseScriptingObjects (0ms)
			CreateAndSetChildDomain (29ms)
		EndReloadAssembly (691ms)
			LoadAssemblies (73ms)
			RebuildTransferFunctionScriptingTraits (0ms)
			SetupTypeCache (185ms)
			ReleaseScriptCaches (1ms)
			RebuildScriptCaches (60ms)
			SetupLoadedEditorAssemblies (308ms)
				LogAssemblyErrors (0ms)
				InitializePlatformSupportModulesInManaged (11ms)
				SetLoadedEditorAssemblies (0ms)
				RefreshPlugins (1ms)
				BeforeProcessingInitializeOnLoad (48ms)
				ProcessInitializeOnLoadAttributes (213ms)
				ProcessInitializeOnLoadMethodAttributes (32ms)
				AfterProcessingInitializeOnLoad (2ms)
				EditorAssembliesLoaded (0ms)
			ExecutionOrderSort2 (0ms)
			AwakeInstancesAfterBackupRestoration (7ms)
Platform modules already initialized, skipping
Refreshing native plugins compatible for Editor in 1.16 ms, found 3 plugins.
Preloading 0 native plugins for Editor in 0.00 ms.
Unloading 2342 Unused Serialized files (Serialized files now loaded: 0)
Unloading 17 unused Assets / (24.6 KB). Loaded Objects now: 2833.
Memory consumption went from 106.0 MB to 105.9 MB.
Total: 2.434500 ms (FindLiveObjects: 0.179200 ms CreateObjectMapping: 0.090100 ms MarkObjects: 2.152000 ms  DeleteObjects: 0.012500 ms)

AssetImportParameters requested are different than current active one (requested -> active):
  custom:video-decoder-ogg-theora: a1e56fd34408186e4bbccfd4996cb3dc -> 
  custom:container-muxer-webm: aa71ff27fc2769a1b78a27578f13a17b -> 
  custom:container-demuxer-webm: 4f35f7cbe854078d1ac9338744f61a02 -> 
  custom:video-encoder-webm-vp8: eb34c28f22e8b96e1ab97ce403110664 -> 
  custom:audio-encoder-webm-vorbis: bf7c407c2cedff20999df2af8eb42d56 -> 
  custom:framework-win-MediaFoundation: 216162199b28c13a410421893ffa2e32 -> 
  custom:container-demuxer-ogg: 62fdf1f143b41e24485cea50d1cbac27 -> 
  custom:video-decoder-webm-vp8: 9c59270c3fd7afecdb556c50c9e8de78 -> 
  custom:audio-decoder-ogg-vorbis: bf7c407c2cedff20999df2af8eb42d56 -> 
========================================================================
Received Import Request.
  Time since last request: 6883.944013 seconds.
  path: Assets/Scenes/TowerDefense.unity
  artifactKey: Guid(2cda990e2423bbf4892e6590ba056729) Importer(815301076,1909f56bfc062723c751e8b465ee728b)
Start importing Assets/Scenes/TowerDefense.unity using Guid(2cda990e2423bbf4892e6590ba056729) Importer(815301076,1909f56bfc062723c751e8b465ee728b)  -> (artifact id: 'fbd5376a2fa58a429921fc3f4e813d89') in 0.003872 seconds 
========================================================================
Received Import Request.
  Time since last request: 36.571867 seconds.
  path: Assets/Prefabs/AchievementCard.prefab
  artifactKey: Guid(2630d7578165ec74cbc228ef5110bbfd) Importer(815301076,1909f56bfc062723c751e8b465ee728b)
Start importing Assets/Prefabs/AchievementCard.prefab using Guid(2630d7578165ec74cbc228ef5110bbfd) Importer(815301076,1909f56bfc062723c751e8b465ee728b)  -> (artifact id: '8c34fd9d4eebb31b8c8a5c4cea8d33b6') in 0.097178 seconds 
========================================================================
Received Import Request.
  Time since last request: 0.000013 seconds.
  path: Assets/Prefabs/HealthCanvas.prefab
  artifactKey: Guid(fb659a9bec055124fab38ba6e61b05b4) Importer(815301076,1909f56bfc062723c751e8b465ee728b)
Start importing Assets/Prefabs/HealthCanvas.prefab using Guid(fb659a9bec055124fab38ba6e61b05b4) Importer(815301076,1909f56bfc062723c751e8b465ee728b)  -> (artifact id: '2c8940d00e187705ccb65722a916ffaf') in 0.003752 seconds 
========================================================================
Received Import Request.
  Time since last request: 0.000014 seconds.
  path: Assets/Prefabs/Rock3.prefab
  artifactKey: Guid(6d54ca310629c2249be171e267cb8ebf) Importer(815301076,1909f56bfc062723c751e8b465ee728b)
Start importing Assets/Prefabs/Rock3.prefab using Guid(6d54ca310629c2249be171e267cb8ebf) Importer(815301076,1909f56bfc062723c751e8b465ee728b)  -> (artifact id: '7e1e39c887d69b6dd1bc8d57b04d2b88') in 0.003275 seconds 
========================================================================
Received Import Request.
  Time since last request: 0.000013 seconds.
  path: Assets/Prefabs/Rock1.prefab
  artifactKey: Guid(efbc97403d5ccea46a367744e48de1c7) Importer(815301076,1909f56bfc062723c751e8b465ee728b)
Start importing Assets/Prefabs/Rock1.prefab using Guid(efbc97403d5ccea46a367744e48de1c7) Importer(815301076,1909f56bfc062723c751e8b465ee728b)  -> (artifact id: 'b4c9095fecc6b17bd894f2e984b31583') in 0.002767 seconds 
========================================================================
Received Import Request.
  Time since last request: 0.000019 seconds.
  path: Assets/Prefabs/Rock2.prefab
  artifactKey: Guid(fc4e4f62544466341aa482392d50db9f) Importer(815301076,1909f56bfc062723c751e8b465ee728b)
Start importing Assets/Prefabs/Rock2.prefab using Guid(fc4e4f62544466341aa482392d50db9f) Importer(815301076,1909f56bfc062723c751e8b465ee728b)  -> (artifact id: 'ea83f725e3054e05d77121e277d30f80') in 0.002845 seconds 
========================================================================
Received Import Request.
  Time since last request: 1.904829 seconds.
  path: Assets/Prefabs/Death
  artifactKey: Guid(43e3404613fbf984097d3e16e46b5270) Importer(815301076,1909f56bfc062723c751e8b465ee728b)
Start importing Assets/Prefabs/Death using Guid(43e3404613fbf984097d3e16e46b5270) Importer(815301076,1909f56bfc062723c751e8b465ee728b)  -> (artifact id: '84b1ca364301f0db08ee061ce4bc371e') in 0.000952 seconds 
========================================================================
Received Import Request.
  Time since last request: 3.859628 seconds.
  path: Assets/Prefabs/Enemy/Enemy_rock.prefab
  artifactKey: Guid(297213ebe0c37bf46a7329693642ebf1) Importer(815301076,1909f56bfc062723c751e8b465ee728b)
Start importing Assets/Prefabs/Enemy/Enemy_rock.prefab using Guid(297213ebe0c37bf46a7329693642ebf1) Importer(815301076,1909f56bfc062723c751e8b465ee728b) Tried select unknown importer for id '-2' '00000000000000000000000000000000'
 -> (artifact id: 'd081da24c5d30274a0e5209e4b80920b') in 0.096060 seconds 
========================================================================
Received Import Request.
  Time since last request: 9.263367 seconds.
  path: Assets/Prefabs/Projectiles/Projectile.prefab
  artifactKey: Guid(8eb220b4db91f6c44a51ceed4a0f8d10) Importer(815301076,1909f56bfc062723c751e8b465ee728b)
Start importing Assets/Prefabs/Projectiles/Projectile.prefab using Guid(8eb220b4db91f6c44a51ceed4a0f8d10) Importer(815301076,1909f56bfc062723c751e8b465ee728b)  -> (artifact id: 'a312414e1bef297b64b6b3ed2f13a30c') in 0.016739 seconds 
========================================================================
Received Import Request.
  Time since last request: 1.618632 seconds.
  path: Assets/Prefabs/Death/EvilDeath.prefab
  artifactKey: Guid(cca79b260878071418290367024a6716) Importer(815301076,1909f56bfc062723c751e8b465ee728b)
Start importing Assets/Prefabs/Death/EvilDeath.prefab using Guid(cca79b260878071418290367024a6716) Importer(815301076,1909f56bfc062723c751e8b465ee728b)  -> (artifact id: '80498c444432677bfce9809d916f3e8f') in 0.108219 seconds 
========================================================================
Received Import Request.
  Time since last request: 12.657728 seconds.
  path: Assets/Materials/heart_AB.mat
  artifactKey: Guid(db608f6f11761e6409b8ea41aaa6adda) Importer(815301076,1909f56bfc062723c751e8b465ee728b)
Start importing Assets/Materials/heart_AB.mat using Guid(db608f6f11761e6409b8ea41aaa6adda) Importer(815301076,1909f56bfc062723c751e8b465ee728b)  -> (artifact id: 'd6f8c04d5a25646d4c73b9506560de86') in 0.035149 seconds 
========================================================================
Received Import Request.
  Time since last request: 43.738260 seconds.
  path: Assets/Prefabs/Turrets/One_missile_turret.prefab
  artifactKey: Guid(b637e883b3411b145a3027434d11b3ab) Importer(815301076,1909f56bfc062723c751e8b465ee728b)
Start importing Assets/Prefabs/Turrets/One_missile_turret.prefab using Guid(b637e883b3411b145a3027434d11b3ab) Importer(815301076,1909f56bfc062723c751e8b465ee728b) Tried select unknown importer for id '-2' '00000000000000000000000000000000'
 -> (artifact id: '2ff8083512324c032f93567fdad28c1f') in 0.013706 seconds 
========================================================================
Received Import Request.
  Time since last request: 0.000014 seconds.
  path: Assets/Prefabs/Turrets/Tank_Turret.prefab
  artifactKey: Guid(842ae3eaf3d15cb4c88ea20235ce6283) Importer(815301076,1909f56bfc062723c751e8b465ee728b)
Start importing Assets/Prefabs/Turrets/Tank_Turret.prefab using Guid(842ae3eaf3d15cb4c88ea20235ce6283) Importer(815301076,1909f56bfc062723c751e8b465ee728b) Tried select unknown importer for id '-2' '00000000000000000000000000000000'
 -> (artifact id: 'ac4659b6da89f61262a606bf68313495') in 0.016283 seconds 
========================================================================
Received Import Request.
  Time since last request: 1.418386 seconds.
  path: Assets/ClassicRPGTileset/New Rule Tile.asset
  artifactKey: Guid(14091bc6c6834c740b5a7bb1e07bb5b6) Importer(815301076,1909f56bfc062723c751e8b465ee728b)
Start importing Assets/ClassicRPGTileset/New Rule Tile.asset using Guid(14091bc6c6834c740b5a7bb1e07bb5b6) Importer(815301076,1909f56bfc062723c751e8b465ee728b)  -> (artifact id: 'f5d1847a897e9e4bfb46e279ef1d4fc1') in 0.003077 seconds 
========================================================================
Received Import Request.
  Time since last request: 2.142213 seconds.
  path: Assets/Audio/etfx_explosion_poof.wav
  artifactKey: Guid(96bbf34d7aee725449bb8a5f1a46bfbb) Importer(815301076,1909f56bfc062723c751e8b465ee728b)
Start importing Assets/Audio/etfx_explosion_poof.wav using Guid(96bbf34d7aee725449bb8a5f1a46bfbb) Importer(815301076,1909f56bfc062723c751e8b465ee728b)  -> (artifact id: '143e5296a831b233a952f18a431cbea5') in 0.025265 seconds 
========================================================================
Received Import Request.
  Time since last request: 319.104154 seconds.
  path: Assets/Epic Toon FX/Sound/etfx_explosion_bubble.wav
  artifactKey: Guid(7fb954e1c1961644d85f884b946f53b0) Importer(815301076,1909f56bfc062723c751e8b465ee728b)
Start importing Assets/Epic Toon FX/Sound/etfx_explosion_bubble.wav using Guid(7fb954e1c1961644d85f884b946f53b0) Importer(815301076,1909f56bfc062723c751e8b465ee728b)  -> (artifact id: 'd5719249eb729dff68e1c5e791138aac') in 0.007859 seconds 
========================================================================
Received Import Request.
  Time since last request: 0.006496 seconds.
  path: Assets/Epic Toon FX/Sound/etfx_explosion_chargeup2.wav
  artifactKey: Guid(38fa730ebc563864098b9c9eafe0d34b) Importer(815301076,1909f56bfc062723c751e8b465ee728b)
Start importing Assets/Epic Toon FX/Sound/etfx_explosion_chargeup2.wav using Guid(38fa730ebc563864098b9c9eafe0d34b) Importer(815301076,1909f56bfc062723c751e8b465ee728b)  -> (artifact id: '4c1fa13f58f53ea5e87c95ce14d884af') in 0.008011 seconds 
========================================================================
Received Import Request.
  Time since last request: 0.000017 seconds.
  path: Assets/Epic Toon FX/Sound/etfx_explosion_dark01.wav
  artifactKey: Guid(f9ccdb916ca1dea4ea6ecbdd7dc4d9f9) Importer(815301076,1909f56bfc062723c751e8b465ee728b)
Start importing Assets/Epic Toon FX/Sound/etfx_explosion_dark01.wav using Guid(f9ccdb916ca1dea4ea6ecbdd7dc4d9f9) Importer(815301076,1909f56bfc062723c751e8b465ee728b)  -> (artifact id: '422f05896bd887c8361af837c42c9126') in 0.010847 seconds 
========================================================================
Received Import Request.
  Time since last request: 0.000023 seconds.
  path: Assets/Epic Toon FX/Sound/etfx_explosion_fireball.wav
  artifactKey: Guid(64fb9477894fa2e4a997518fbb1c2f15) Importer(815301076,1909f56bfc062723c751e8b465ee728b)
Start importing Assets/Epic Toon FX/Sound/etfx_explosion_fireball.wav using Guid(64fb9477894fa2e4a997518fbb1c2f15) Importer(815301076,1909f56bfc062723c751e8b465ee728b)  -> (artifact id: '6ed51fe36c6c5333614c5aa21305452a') in 0.061389 seconds 
========================================================================
Received Import Request.
  Time since last request: 0.000020 seconds.
  path: Assets/Epic Toon FX/Sound/etfx_explosion_fireball2.wav
  artifactKey: Guid(5cd691c7632755d499fbbb55bc1f0fac) Importer(815301076,1909f56bfc062723c751e8b465ee728b)
Start importing Assets/Epic Toon FX/Sound/etfx_explosion_fireball2.wav using Guid(5cd691c7632755d499fbbb55bc1f0fac) Importer(815301076,1909f56bfc062723c751e8b465ee728b)  -> (artifact id: '4fae67dd35f8aac372d3206b0c51de46') in 0.032099 seconds 
========================================================================
Received Import Request.
  Time since last request: 7.970554 seconds.
  path: Assets/Epic Toon FX/Sound/etfx_shoot_fireball.wav
  artifactKey: Guid(14b16ff40093aba47bc467e148746cab) Importer(815301076,1909f56bfc062723c751e8b465ee728b)
Start importing Assets/Epic Toon FX/Sound/etfx_shoot_fireball.wav using Guid(14b16ff40093aba47bc467e148746cab) Importer(815301076,1909f56bfc062723c751e8b465ee728b)  -> (artifact id: 'd5c28016ec99594102d15bf1211a803a') in 0.007171 seconds 
========================================================================
Received Import Request.
  Time since last request: 0.000017 seconds.
  path: Assets/Epic Toon FX/Sound/etfx_shoot_laser02.wav
  artifactKey: Guid(92a79699f236d3341bd4f95d66f33bee) Importer(815301076,1909f56bfc062723c751e8b465ee728b)
Start importing Assets/Epic Toon FX/Sound/etfx_shoot_laser02.wav using Guid(92a79699f236d3341bd4f95d66f33bee) Importer(815301076,1909f56bfc062723c751e8b465ee728b)  -> (artifact id: '52e98d389f5876c6ee563abffc4d150b') in 0.007589 seconds 
========================================================================
Received Import Request.
  Time since last request: 0.000024 seconds.
  path: Assets/Epic Toon FX/Sound/etfx_shoot_laser.wav
  artifactKey: Guid(b45b19776b2e15e48947a75b76ccca86) Importer(815301076,1909f56bfc062723c751e8b465ee728b)
Start importing Assets/Epic Toon FX/Sound/etfx_shoot_laser.wav using Guid(b45b19776b2e15e48947a75b76ccca86) Importer(815301076,1909f56bfc062723c751e8b465ee728b)  -> (artifact id: 'bfe17f186883d7b2d52b03623465f6f5') in 0.011143 seconds 
========================================================================
Received Import Request.
  Time since last request: 0.000020 seconds.
  path: Assets/Epic Toon FX/Sound/etfx_shoot_laser03.wav
  artifactKey: Guid(ed0248ee2f79347479c2d8c657bf2c16) Importer(815301076,1909f56bfc062723c751e8b465ee728b)
Start importing Assets/Epic Toon FX/Sound/etfx_shoot_laser03.wav using Guid(ed0248ee2f79347479c2d8c657bf2c16) Importer(815301076,1909f56bfc062723c751e8b465ee728b)  -> (artifact id: '5214fc6637d9db1db0e7590638777e7c') in 0.045724 seconds 
========================================================================
Received Import Request.
  Time since last request: 0.000015 seconds.
  path: Assets/Epic Toon FX/Sound/etfx_shoot_gas.wav
  artifactKey: Guid(ab7f421ad803a894fb4f2fae8fa250a4) Importer(815301076,1909f56bfc062723c751e8b465ee728b)
Start importing Assets/Epic Toon FX/Sound/etfx_shoot_gas.wav using Guid(ab7f421ad803a894fb4f2fae8fa250a4) Importer(815301076,1909f56bfc062723c751e8b465ee728b)  -> (artifact id: '73fef52f48d2e59dfcb2e350a296512a') in 0.011258 seconds 
========================================================================
Received Import Request.
  Time since last request: 7.468775 seconds.
  path: Assets/Quad.prefab
  artifactKey: Guid(2dca5fb7467b23e4f8a04115fb99ee0c) Importer(815301076,1909f56bfc062723c751e8b465ee728b)
Start importing Assets/Quad.prefab using Guid(2dca5fb7467b23e4f8a04115fb99ee0c) Importer(815301076,1909f56bfc062723c751e8b465ee728b)  -> (artifact id: 'f6e7e2fcd15f71580af3fe7d489b8098') in 0.205762 seconds 
========================================================================
Received Import Request.
  Time since last request: 4.450263 seconds.
  path: Assets/Epic Toon FX/Sound/etfx_shoot_energy01.wav
  artifactKey: Guid(08ef3735b9527d54ab97d0e9fc9d505d) Importer(815301076,1909f56bfc062723c751e8b465ee728b)
Start importing Assets/Epic Toon FX/Sound/etfx_shoot_energy01.wav using Guid(08ef3735b9527d54ab97d0e9fc9d505d) Importer(815301076,1909f56bfc062723c751e8b465ee728b)  -> (artifact id: '83d14e910281a4add5903ebac9db9c61') in 0.008589 seconds 
========================================================================
Received Import Request.
  Time since last request: 3.546469 seconds.
  path: Assets/Epic Toon FX/Sound/etfx_shoot_bubble.wav
  artifactKey: Guid(97d13c0625977a943b033ce4056ea00b) Importer(815301076,1909f56bfc062723c751e8b465ee728b)
Start importing Assets/Epic Toon FX/Sound/etfx_shoot_bubble.wav using Guid(97d13c0625977a943b033ce4056ea00b) Importer(815301076,1909f56bfc062723c751e8b465ee728b)  -> (artifact id: 'd3c9859e0fd3c14cc2a03439ef7dff5c') in 0.005983 seconds 
========================================================================
Received Prepare
Registering precompiled user dll's ...
Registered in 0.001795 seconds.
Begin MonoManager ReloadAssembly
Symbol file LoadedFromMemory is not a mono symbol file
Native extension for WindowsStandalone target not found
Native extension for WebGL target not found
Refreshing native plugins compatible for Editor in 0.56 ms, found 3 plugins.
Preloading 0 native plugins for Editor in 0.00 ms.
Mono: successfully reloaded assembly
- Completed reload, in  0.889 seconds
Domain Reload Profiling:
	ReloadAssembly (890ms)
		BeginReloadAssembly (114ms)
			ExecutionOrderSort (0ms)
			DisableScriptedObjects (6ms)
			BackupInstance (0ms)
			ReleaseScriptingObjects (0ms)
			CreateAndSetChildDomain (33ms)
		EndReloadAssembly (693ms)
			LoadAssemblies (72ms)
			RebuildTransferFunctionScriptingTraits (0ms)
			SetupTypeCache (190ms)
			ReleaseScriptCaches (1ms)
			RebuildScriptCaches (65ms)
			SetupLoadedEditorAssemblies (291ms)
				LogAssemblyErrors (0ms)
				InitializePlatformSupportModulesInManaged (12ms)
				SetLoadedEditorAssemblies (0ms)
				RefreshPlugins (1ms)
				BeforeProcessingInitializeOnLoad (58ms)
				ProcessInitializeOnLoadAttributes (188ms)
				ProcessInitializeOnLoadMethodAttributes (31ms)
				AfterProcessingInitializeOnLoad (2ms)
				EditorAssembliesLoaded (0ms)
			ExecutionOrderSort2 (0ms)
			AwakeInstancesAfterBackupRestoration (7ms)
Platform modules already initialized, skipping
Refreshing native plugins compatible for Editor in 1.30 ms, found 3 plugins.
Preloading 0 native plugins for Editor in 0.00 ms.
Unloading 2342 Unused Serialized files (Serialized files now loaded: 0)
Unloading 17 unused Assets / (24.6 KB). Loaded Objects now: 2881.
Memory consumption went from 110.7 MB to 110.6 MB.
Total: 2.692000 ms (FindLiveObjects: 0.181900 ms CreateObjectMapping: 0.080000 ms MarkObjects: 2.412100 ms  DeleteObjects: 0.017200 ms)

AssetImportParameters requested are different than current active one (requested -> active):
  custom:video-decoder-ogg-theora: a1e56fd34408186e4bbccfd4996cb3dc -> 
  custom:container-muxer-webm: aa71ff27fc2769a1b78a27578f13a17b -> 
  custom:container-demuxer-webm: 4f35f7cbe854078d1ac9338744f61a02 -> 
  custom:video-encoder-webm-vp8: eb34c28f22e8b96e1ab97ce403110664 -> 
  custom:audio-encoder-webm-vorbis: bf7c407c2cedff20999df2af8eb42d56 -> 
  custom:framework-win-MediaFoundation: 216162199b28c13a410421893ffa2e32 -> 
  custom:container-demuxer-ogg: 62fdf1f143b41e24485cea50d1cbac27 -> 
  custom:video-decoder-webm-vp8: 9c59270c3fd7afecdb556c50c9e8de78 -> 
  custom:audio-decoder-ogg-vorbis: bf7c407c2cedff20999df2af8eb42d56 -> 
========================================================================
Received Prepare
Registering precompiled user dll's ...
Registered in 0.001981 seconds.
Begin MonoManager ReloadAssembly
Symbol file LoadedFromMemory is not a mono symbol file
Native extension for WindowsStandalone target not found
Native extension for WebGL target not found
Refreshing native plugins compatible for Editor in 0.43 ms, found 3 plugins.
Preloading 0 native plugins for Editor in 0.00 ms.
Mono: successfully reloaded assembly
- Completed reload, in  0.836 seconds
Domain Reload Profiling:
	ReloadAssembly (837ms)
		BeginReloadAssembly (118ms)
			ExecutionOrderSort (0ms)
			DisableScriptedObjects (7ms)
			BackupInstance (0ms)
			ReleaseScriptingObjects (0ms)
			CreateAndSetChildDomain (31ms)
		EndReloadAssembly (638ms)
			LoadAssemblies (76ms)
			RebuildTransferFunctionScriptingTraits (0ms)
			SetupTypeCache (196ms)
			ReleaseScriptCaches (1ms)
			RebuildScriptCaches (40ms)
			SetupLoadedEditorAssemblies (283ms)
				LogAssemblyErrors (0ms)
				InitializePlatformSupportModulesInManaged (11ms)
				SetLoadedEditorAssemblies (0ms)
				RefreshPlugins (0ms)
				BeforeProcessingInitializeOnLoad (43ms)
				ProcessInitializeOnLoadAttributes (185ms)
				ProcessInitializeOnLoadMethodAttributes (39ms)
				AfterProcessingInitializeOnLoad (4ms)
				EditorAssembliesLoaded (0ms)
			ExecutionOrderSort2 (0ms)
			AwakeInstancesAfterBackupRestoration (9ms)
Platform modules already initialized, skipping
Refreshing native plugins compatible for Editor in 1.36 ms, found 3 plugins.
Preloading 0 native plugins for Editor in 0.00 ms.
Unloading 2342 Unused Serialized files (Serialized files now loaded: 0)
Unloading 17 unused Assets / (24.6 KB). Loaded Objects now: 2884.
Memory consumption went from 110.7 MB to 110.6 MB.
Total: 2.493300 ms (FindLiveObjects: 0.184800 ms CreateObjectMapping: 0.080200 ms MarkObjects: 2.216000 ms  DeleteObjects: 0.011700 ms)

AssetImportParameters requested are different than current active one (requested -> active):
  custom:video-decoder-ogg-theora: a1e56fd34408186e4bbccfd4996cb3dc -> 
  custom:container-muxer-webm: aa71ff27fc2769a1b78a27578f13a17b -> 
  custom:container-demuxer-webm: 4f35f7cbe854078d1ac9338744f61a02 -> 
  custom:video-encoder-webm-vp8: eb34c28f22e8b96e1ab97ce403110664 -> 
  custom:audio-encoder-webm-vorbis: bf7c407c2cedff20999df2af8eb42d56 -> 
  custom:framework-win-MediaFoundation: 216162199b28c13a410421893ffa2e32 -> 
  custom:container-demuxer-ogg: 62fdf1f143b41e24485cea50d1cbac27 -> 
  custom:video-decoder-webm-vp8: 9c59270c3fd7afecdb556c50c9e8de78 -> 
  custom:audio-decoder-ogg-vorbis: bf7c407c2cedff20999df2af8eb42d56 -> 
========================================================================
Received Prepare
Registering precompiled user dll's ...
Registered in 0.001982 seconds.
Begin MonoManager ReloadAssembly
Symbol file LoadedFromMemory is not a mono symbol file
Native extension for WindowsStandalone target not found
Native extension for WebGL target not found
Refreshing native plugins compatible for Editor in 0.44 ms, found 3 plugins.
Preloading 0 native plugins for Editor in 0.00 ms.
Mono: successfully reloaded assembly
- Completed reload, in  0.862 seconds
Domain Reload Profiling:
	ReloadAssembly (862ms)
		BeginReloadAssembly (103ms)
			ExecutionOrderSort (0ms)
			DisableScriptedObjects (7ms)
			BackupInstance (0ms)
			ReleaseScriptingObjects (0ms)
			CreateAndSetChildDomain (27ms)
		EndReloadAssembly (670ms)
			LoadAssemblies (69ms)
			RebuildTransferFunctionScriptingTraits (0ms)
			SetupTypeCache (184ms)
			ReleaseScriptCaches (1ms)
			RebuildScriptCaches (41ms)
			SetupLoadedEditorAssemblies (322ms)
				LogAssemblyErrors (0ms)
				InitializePlatformSupportModulesInManaged (11ms)
				SetLoadedEditorAssemblies (0ms)
				RefreshPlugins (0ms)
				BeforeProcessingInitializeOnLoad (45ms)
				ProcessInitializeOnLoadAttributes (223ms)
				ProcessInitializeOnLoadMethodAttributes (39ms)
				AfterProcessingInitializeOnLoad (2ms)
				EditorAssembliesLoaded (0ms)
			ExecutionOrderSort2 (0ms)
			AwakeInstancesAfterBackupRestoration (10ms)
Platform modules already initialized, skipping
Refreshing native plugins compatible for Editor in 1.30 ms, found 3 plugins.
Preloading 0 native plugins for Editor in 0.00 ms.
Unloading 2342 Unused Serialized files (Serialized files now loaded: 0)
Unloading 17 unused Assets / (24.7 KB). Loaded Objects now: 2887.
Memory consumption went from 110.7 MB to 110.7 MB.
Total: 3.111900 ms (FindLiveObjects: 0.209200 ms CreateObjectMapping: 0.154800 ms MarkObjects: 2.730600 ms  DeleteObjects: 0.016300 ms)

AssetImportParameters requested are different than current active one (requested -> active):
  custom:video-decoder-ogg-theora: a1e56fd34408186e4bbccfd4996cb3dc -> 
  custom:container-muxer-webm: aa71ff27fc2769a1b78a27578f13a17b -> 
  custom:container-demuxer-webm: 4f35f7cbe854078d1ac9338744f61a02 -> 
  custom:video-encoder-webm-vp8: eb34c28f22e8b96e1ab97ce403110664 -> 
  custom:audio-encoder-webm-vorbis: bf7c407c2cedff20999df2af8eb42d56 -> 
  custom:framework-win-MediaFoundation: 216162199b28c13a410421893ffa2e32 -> 
  custom:container-demuxer-ogg: 62fdf1f143b41e24485cea50d1cbac27 -> 
  custom:video-decoder-webm-vp8: 9c59270c3fd7afecdb556c50c9e8de78 -> 
  custom:audio-decoder-ogg-vorbis: bf7c407c2cedff20999df2af8eb42d56 -> 
========================================================================
Received Prepare
Registering precompiled user dll's ...
Registered in 0.002019 seconds.
Begin MonoManager ReloadAssembly
Symbol file LoadedFromMemory is not a mono symbol file
Native extension for WindowsStandalone target not found
Native extension for WebGL target not found
Refreshing native plugins compatible for Editor in 0.64 ms, found 3 plugins.
Preloading 0 native plugins for Editor in 0.00 ms.
Mono: successfully reloaded assembly
- Completed reload, in  0.845 seconds
Domain Reload Profiling:
	ReloadAssembly (846ms)
		BeginReloadAssembly (109ms)
			ExecutionOrderSort (0ms)
			DisableScriptedObjects (8ms)
			BackupInstance (0ms)
			ReleaseScriptingObjects (0ms)
			CreateAndSetChildDomain (30ms)
		EndReloadAssembly (619ms)
			LoadAssemblies (69ms)
			RebuildTransferFunctionScriptingTraits (0ms)
			SetupTypeCache (175ms)
			ReleaseScriptCaches (1ms)
			RebuildScriptCaches (45ms)
			SetupLoadedEditorAssemblies (284ms)
				LogAssemblyErrors (0ms)
				InitializePlatformSupportModulesInManaged (13ms)
				SetLoadedEditorAssemblies (0ms)
				RefreshPlugins (1ms)
				BeforeProcessingInitializeOnLoad (45ms)
				ProcessInitializeOnLoadAttributes (188ms)
				ProcessInitializeOnLoadMethodAttributes (34ms)
				AfterProcessingInitializeOnLoad (2ms)
				EditorAssembliesLoaded (0ms)
			ExecutionOrderSort2 (0ms)
			AwakeInstancesAfterBackupRestoration (7ms)
Platform modules already initialized, skipping
Refreshing native plugins compatible for Editor in 1.47 ms, found 3 plugins.
Preloading 0 native plugins for Editor in 0.00 ms.
Unloading 2345 Unused Serialized files (Serialized files now loaded: 0)
Unloading 17 unused Assets / (24.7 KB). Loaded Objects now: 2893.
Memory consumption went from 112.7 MB to 112.7 MB.
Total: 4.101700 ms (FindLiveObjects: 0.200200 ms CreateObjectMapping: 0.105200 ms MarkObjects: 3.773400 ms  DeleteObjects: 0.021500 ms)

AssetImportParameters requested are different than current active one (requested -> active):
  custom:video-decoder-ogg-theora: a1e56fd34408186e4bbccfd4996cb3dc -> 
  custom:container-muxer-webm: aa71ff27fc2769a1b78a27578f13a17b -> 
  custom:container-demuxer-webm: 4f35f7cbe854078d1ac9338744f61a02 -> 
  custom:video-encoder-webm-vp8: eb34c28f22e8b96e1ab97ce403110664 -> 
  custom:audio-encoder-webm-vorbis: bf7c407c2cedff20999df2af8eb42d56 -> 
  custom:framework-win-MediaFoundation: 216162199b28c13a410421893ffa2e32 -> 
  custom:container-demuxer-ogg: 62fdf1f143b41e24485cea50d1cbac27 -> 
  custom:video-decoder-webm-vp8: 9c59270c3fd7afecdb556c50c9e8de78 -> 
  custom:audio-decoder-ogg-vorbis: bf7c407c2cedff20999df2af8eb42d56 -> 
========================================================================
Received Import Request.
  Time since last request: 407.399049 seconds.
  path: Assets/Prefabs/Projectiles/TankProjectile.prefab
  artifactKey: Guid(04ec3531a895b8f43a7693da37ac31e3) Importer(815301076,1909f56bfc062723c751e8b465ee728b)
Start importing Assets/Prefabs/Projectiles/TankProjectile.prefab using Guid(04ec3531a895b8f43a7693da37ac31e3) Importer(815301076,1909f56bfc062723c751e8b465ee728b)  -> (artifact id: '59f5bb70307ccc86711e509607c43481') in 0.072467 seconds 
========================================================================
Received Import Request.
  Time since last request: 16.240995 seconds.
  path: Assets/Epic Toon FX/Prefabs/Combat/Missiles/Bullet/BulletMeshSmallFire.prefab
  artifactKey: Guid(4e1790ceaba7cf84d97431c9452ca8fb) Importer(815301076,1909f56bfc062723c751e8b465ee728b)
Start importing Assets/Epic Toon FX/Prefabs/Combat/Missiles/Bullet/BulletMeshSmallFire.prefab using Guid(4e1790ceaba7cf84d97431c9452ca8fb) Importer(815301076,1909f56bfc062723c751e8b465ee728b)  -> (artifact id: '335c9c93e6afaee5715ef455aeee20da') in 0.012731 seconds 
========================================================================
Received Import Request.
  Time since last request: 0.000241 seconds.
  path: Assets/Epic Toon FX/Prefabs/Combat/Missiles/Bullet/BulletMeshSmallPink.prefab
  artifactKey: Guid(8d92d451b68cf664ea9a6eb86de58142) Importer(815301076,1909f56bfc062723c751e8b465ee728b)
Start importing Assets/Epic Toon FX/Prefabs/Combat/Missiles/Bullet/BulletMeshSmallPink.prefab using Guid(8d92d451b68cf664ea9a6eb86de58142) Importer(815301076,1909f56bfc062723c751e8b465ee728b)  -> (artifact id: 'd84db9b5ceb85e01f78e58c28faf48ce') in 0.012670 seconds 
========================================================================
Received Import Request.
  Time since last request: 0.000021 seconds.
  path: Assets/Epic Toon FX/Prefabs/Combat/Missiles/Bullet/BulletSmallPink.prefab
  artifactKey: Guid(985812ee18738f5498883b84d92bd41b) Importer(815301076,1909f56bfc062723c751e8b465ee728b)
Start importing Assets/Epic Toon FX/Prefabs/Combat/Missiles/Bullet/BulletSmallPink.prefab using Guid(985812ee18738f5498883b84d92bd41b) Importer(815301076,1909f56bfc062723c751e8b465ee728b)  -> (artifact id: 'fb9e498be38e5d751c12654a561c6d9f') in 0.029551 seconds 
========================================================================
Received Import Request.
  Time since last request: 0.000015 seconds.
  path: Assets/Epic Toon FX/Prefabs/Combat/Missiles/Bullet/BulletSmallGreen.prefab
  artifactKey: Guid(727e4ea27328a6e46bcd171a935685d4) Importer(815301076,1909f56bfc062723c751e8b465ee728b)
Start importing Assets/Epic Toon FX/Prefabs/Combat/Missiles/Bullet/BulletSmallGreen.prefab using Guid(727e4ea27328a6e46bcd171a935685d4) Importer(815301076,1909f56bfc062723c751e8b465ee728b)  -> (artifact id: '0ba7ad44cb3e50bef645988f989b6735') in 0.008617 seconds 
========================================================================
Received Import Request.
  Time since last request: 37.594663 seconds.
  path: Assets/Prefabs/Turrets/Tank_Turret.prefab
  artifactKey: Guid(842ae3eaf3d15cb4c88ea20235ce6283) Importer(815301076,1909f56bfc062723c751e8b465ee728b)
Start importing Assets/Prefabs/Turrets/Tank_Turret.prefab using Guid(842ae3eaf3d15cb4c88ea20235ce6283) Importer(815301076,1909f56bfc062723c751e8b465ee728b) Tried select unknown importer for id '-2' '00000000000000000000000000000000'
 -> (artifact id: 'e1ce993d7a36b03757b07b7cede9ab91') in 0.016905 seconds 
========================================================================
Received Import Request.
  Time since last request: 10.807258 seconds.
  path: Assets/Epic Toon FX/Prefabs/Combat/Missiles/FatBullet/BulletFatGreen.prefab
  artifactKey: Guid(e16ed42fec42f5f4eb4f89b453707d71) Importer(815301076,1909f56bfc062723c751e8b465ee728b)
Start importing Assets/Epic Toon FX/Prefabs/Combat/Missiles/FatBullet/BulletFatGreen.prefab using Guid(e16ed42fec42f5f4eb4f89b453707d71) Importer(815301076,1909f56bfc062723c751e8b465ee728b)  -> (artifact id: 'fb841cc31570f17812cde9b0e87a03bc') in 0.012166 seconds 
========================================================================
Received Import Request.
  Time since last request: 0.000015 seconds.
  path: Assets/Epic Toon FX/Prefabs/Combat/Missiles/FatBullet/BulletMeshFatGreen.prefab
  artifactKey: Guid(cbdd355886203ef4ea2fe4760a3b6902) Importer(815301076,1909f56bfc062723c751e8b465ee728b)
Start importing Assets/Epic Toon FX/Prefabs/Combat/Missiles/FatBullet/BulletMeshFatGreen.prefab using Guid(cbdd355886203ef4ea2fe4760a3b6902) Importer(815301076,1909f56bfc062723c751e8b465ee728b)  -> (artifact id: 'c7b0ee069c4470bee8d0f713c43ff75a') in 0.107221 seconds 
========================================================================
Received Import Request.
  Time since last request: 0.000016 seconds.
  path: Assets/Epic Toon FX/Prefabs/Combat/Missiles/FatBullet/BulletFatPink.prefab
  artifactKey: Guid(57655e8894da46a4aa87ffad47144413) Importer(815301076,1909f56bfc062723c751e8b465ee728b)
Start importing Assets/Epic Toon FX/Prefabs/Combat/Missiles/FatBullet/BulletFatPink.prefab using Guid(57655e8894da46a4aa87ffad47144413) Importer(815301076,1909f56bfc062723c751e8b465ee728b)  -> (artifact id: '9b31d51859787623eef0ca82cf3a9eb2') in 0.014120 seconds 
========================================================================
Received Import Request.
  Time since last request: 22.368484 seconds.
  path: Assets/Epic Toon FX/Prefabs/Combat/Missiles/NovaSmall/NovaMissileSmallGreen.prefab
  artifactKey: Guid(7d1405f1d86b0b54c9d71d23ce7c0b7c) Importer(815301076,1909f56bfc062723c751e8b465ee728b)
Start importing Assets/Epic Toon FX/Prefabs/Combat/Missiles/NovaSmall/NovaMissileSmallGreen.prefab using Guid(7d1405f1d86b0b54c9d71d23ce7c0b7c) Importer(815301076,1909f56bfc062723c751e8b465ee728b)  -> (artifact id: '906ff5318617697712270634073f267e') in 0.012049 seconds 
========================================================================
Received Prepare
Registering precompiled user dll's ...
Registered in 0.002235 seconds.
Begin MonoManager ReloadAssembly
Symbol file LoadedFromMemory is not a mono symbol file
Native extension for WindowsStandalone target not found
Native extension for WebGL target not found
Refreshing native plugins compatible for Editor in 0.50 ms, found 3 plugins.
Preloading 0 native plugins for Editor in 0.00 ms.
Mono: successfully reloaded assembly
- Completed reload, in  0.825 seconds
Domain Reload Profiling:
	ReloadAssembly (825ms)
		BeginReloadAssembly (105ms)
			ExecutionOrderSort (0ms)
			DisableScriptedObjects (5ms)
			BackupInstance (0ms)
			ReleaseScriptingObjects (0ms)
			CreateAndSetChildDomain (33ms)
		EndReloadAssembly (637ms)
			LoadAssemblies (68ms)
			RebuildTransferFunctionScriptingTraits (0ms)
			SetupTypeCache (192ms)
			ReleaseScriptCaches (1ms)
			RebuildScriptCaches (41ms)
			SetupLoadedEditorAssemblies (283ms)
				LogAssemblyErrors (0ms)
				InitializePlatformSupportModulesInManaged (11ms)
				SetLoadedEditorAssemblies (0ms)
				RefreshPlugins (1ms)
				BeforeProcessingInitializeOnLoad (58ms)
				ProcessInitializeOnLoadAttributes (180ms)
				ProcessInitializeOnLoadMethodAttributes (30ms)
				AfterProcessingInitializeOnLoad (2ms)
				EditorAssembliesLoaded (0ms)
			ExecutionOrderSort2 (0ms)
			AwakeInstancesAfterBackupRestoration (7ms)
Platform modules already initialized, skipping
Refreshing native plugins compatible for Editor in 1.17 ms, found 3 plugins.
Preloading 0 native plugins for Editor in 0.00 ms.
Unloading 2342 Unused Serialized files (Serialized files now loaded: 0)
Unloading 20 unused Assets / (24.6 KB). Loaded Objects now: 2893.
Memory consumption went from 112.5 MB to 112.5 MB.
Total: 2.665200 ms (FindLiveObjects: 0.184200 ms CreateObjectMapping: 0.081600 ms MarkObjects: 2.384500 ms  DeleteObjects: 0.014200 ms)

AssetImportParameters requested are different than current active one (requested -> active):
  custom:video-decoder-ogg-theora: a1e56fd34408186e4bbccfd4996cb3dc -> 
  custom:container-muxer-webm: aa71ff27fc2769a1b78a27578f13a17b -> 
  custom:container-demuxer-webm: 4f35f7cbe854078d1ac9338744f61a02 -> 
  custom:video-encoder-webm-vp8: eb34c28f22e8b96e1ab97ce403110664 -> 
  custom:audio-encoder-webm-vorbis: bf7c407c2cedff20999df2af8eb42d56 -> 
  custom:framework-win-MediaFoundation: 216162199b28c13a410421893ffa2e32 -> 
  custom:container-demuxer-ogg: 62fdf1f143b41e24485cea50d1cbac27 -> 
  custom:video-decoder-webm-vp8: 9c59270c3fd7afecdb556c50c9e8de78 -> 
  custom:audio-decoder-ogg-vorbis: bf7c407c2cedff20999df2af8eb42d56 -> 
Editor requested this worker to shutdown with reason: Scaling down because of idle timeout
AssetImportWorker is now disconnected from the server
Process exiting
Exiting without the bug reporter. Application will terminate with return code 0